<?xml version="1.0" encoding="UTF-8"?>
<!-- Generated by org.testng.reporters.JUnitReportReporter -->
<testsuite hostname="NVHA" name="TestHIS.DemoString" tests="1" failures="0" timestamp="29 Dec 2017 08:34:59 GMT" time="0.063" errors="0">
  <testcase name="test1" time="0.063" classname="TestHIS.DemoString"/>
</testsuite> <!-- TestHIS.DemoString -->
