<?xml version="1.0" encoding="UTF-8"?>
<!-- Generated by org.testng.reporters.JUnitReportReporter -->
<testsuite hostname="NVHA" name="TestHIS.TestFormDanhSachBenhNhan" tests="1" failures="0" timestamp="16 Jan 2018 02:44:00 GMT" time="94.238" errors="0">
  <testcase name="testDanhSachBenhNhan_9880_3" time="94.238" classname="TestHIS.TestFormDanhSachBenhNhan"/>
</testsuite> <!-- TestHIS.TestFormDanhSachBenhNhan -->
